1482396991237	geckodriver	INFO	Listening on 127.0.0.1:61537
1482396992238	mozprofile::profile	INFO	Using profile path /var/folders/ll/c76fhdyx3rx5wbb09jvj06yw0000gn/T/rust_mozprofile.ddqLNSl1V6x7
1482396992242	geckodriver::marionette	INFO	Starting browser /Applications/Firefox.app/Contents/MacOS/firefox-bin
1482396992257	geckodriver::marionette	INFO	Connecting to Marionette on localhost:61543
1482396992529	addons.manager	DEBUG	Application has been upgraded
1482396992564	addons.manager	DEBUG	Loaded provider scope for resource://gre/modules/addons/XPIProvider.jsm: ["XPIProvider"]
1482396992567	addons.manager	DEBUG	Loaded provider scope for resource://gre/modules/LightweightThemeManager.jsm: ["LightweightThemeManager"]
1482396992573	addons.manager	DEBUG	Loaded provider scope for resource://gre/modules/addons/GMPProvider.jsm
1482396992575	addons.manager	DEBUG	Loaded provider scope for resource://gre/modules/addons/PluginProvider.jsm
1482396992576	addons.manager	DEBUG	Starting provider: XPIProvider
1482396992577	addons.xpi	DEBUG	startup
1482396992578	addons.xpi	INFO	SystemAddonInstallLocation directory is missing
1482396992579	addons.xpi	INFO	Mapping aushelper@mozilla.org to /Applications/Firefox.app/Contents/Resources/browser/features/aushelper@mozilla.org.xpi
1482396992580	addons.xpi	INFO	Mapping e10srollout@mozilla.org to /Applications/Firefox.app/Contents/Resources/browser/features/e10srollout@mozilla.org.xpi
1482396992580	addons.xpi	INFO	Mapping firefox@getpocket.com to /Applications/Firefox.app/Contents/Resources/browser/features/firefox@getpocket.com.xpi
1482396992580	addons.xpi	INFO	Mapping webcompat@mozilla.org to /Applications/Firefox.app/Contents/Resources/browser/features/webcompat@mozilla.org.xpi
1482396992581	addons.xpi	INFO	Mapping {972ce4c6-7e08-4474-a285-3208198ce6fd} to /Applications/Firefox.app/Contents/Resources/browser/extensions/{972ce4c6-7e08-4474-a285-3208198ce6fd}.xpi
1482396992581	addons.xpi	DEBUG	checkForChanges
1482396992582	addons.xpi	DEBUG	Loaded add-on state from prefs: {}
1482396992582	addons.xpi	DEBUG	New add-on aushelper@mozilla.org in app-system-defaults
1482396992583	addons.xpi	DEBUG	getModTime: Recursive scan of aushelper@mozilla.org
1482396992583	addons.xpi	DEBUG	New add-on e10srollout@mozilla.org in app-system-defaults
1482396992584	addons.xpi	DEBUG	getModTime: Recursive scan of e10srollout@mozilla.org
1482396992584	addons.xpi	DEBUG	New add-on firefox@getpocket.com in app-system-defaults
1482396992585	addons.xpi	DEBUG	getModTime: Recursive scan of firefox@getpocket.com
1482396992585	addons.xpi	DEBUG	New add-on webcompat@mozilla.org in app-system-defaults
1482396992585	addons.xpi	DEBUG	getModTime: Recursive scan of webcompat@mozilla.org
1482396992586	addons.xpi	DEBUG	New add-on {972ce4c6-7e08-4474-a285-3208198ce6fd} in app-global
1482396992586	addons.xpi	DEBUG	getModTime: Recursive scan of {972ce4c6-7e08-4474-a285-3208198ce6fd}
1482396992587	addons.xpi	DEBUG	getInstallState changed: true, state: {"app-system-defaults":{"aushelper@mozilla.org":{"d":"/Applications/Firefox.app/Contents/Resources/browser/features/aushelper@mozilla.org.xpi","st":1481248530000},"e10srollout@mozilla.org":{"d":"/Applications/Firefox.app/Contents/Resources/browser/features/e10srollout@mozilla.org.xpi","st":1481248530000},"firefox@getpocket.com":{"d":"/Applications/Firefox.app/Contents/Resources/browser/features/firefox@getpocket.com.xpi","st":1481248530000},"webcompat@mozilla.org":{"d":"/Applications/Firefox.app/Contents/Resources/browser/features/webcompat@mozilla.org.xpi","st":1481248530000}},"app-global":{"{972ce4c6-7e08-4474-a285-3208198ce6fd}":{"d":"/Applications/Firefox.app/Contents/Resources/browser/extensions/{972ce4c6-7e08-4474-a285-3208198ce6fd}.xpi","st":1481248530000}}}
1482396992595	addons.xpi-utils	DEBUG	Opening XPI database /var/folders/ll/c76fhdyx3rx5wbb09jvj06yw0000gn/T/rust_mozprofile.ddqLNSl1V6x7/extensions.json
1482396992597	addons.xpi-utils	DEBUG	New add-on aushelper@mozilla.org installed in app-system-defaults
*** Blocklist::_loadBlocklistFromFile: blocklist is disabled
1482396992607	DeferredSave.extensions.json	DEBUG	Save changes
1482396992608	addons.xpi-utils	DEBUG	New add-on e10srollout@mozilla.org installed in app-system-defaults
1482396992613	DeferredSave.extensions.json	DEBUG	Starting timer
1482396992614	DeferredSave.extensions.json	DEBUG	Save changes
1482396992615	addons.xpi-utils	DEBUG	New add-on firefox@getpocket.com installed in app-system-defaults
1482396992622	DeferredSave.extensions.json	DEBUG	Save changes
1482396992622	addons.xpi-utils	DEBUG	New add-on webcompat@mozilla.org installed in app-system-defaults
1482396992628	DeferredSave.extensions.json	DEBUG	Save changes
1482396992629	addons.xpi-utils	DEBUG	New add-on {972ce4c6-7e08-4474-a285-3208198ce6fd} installed in app-global
1482396992634	DeferredSave.extensions.json	DEBUG	Save changes
1482396992635	addons.manager	DEBUG	Registering startup change 'installed' for aushelper@mozilla.org
1482396992644	addons.xpi	DEBUG	Loading bootstrap scope from /Applications/Firefox.app/Contents/Resources/browser/features/aushelper@mozilla.org.xpi
1482396992650	addons.xpi	DEBUG	Calling bootstrap method install on aushelper@mozilla.org version 1.0
1482396992650	addons.xpi-utils	DEBUG	Make addon app-system-defaults:aushelper@mozilla.org visible
1482396992650	DeferredSave.extensions.json	DEBUG	Save changes
1482396992651	addons.manager	DEBUG	Registering startup change 'installed' for e10srollout@mozilla.org
1482396992652	addons.xpi	DEBUG	Loading bootstrap scope from /Applications/Firefox.app/Contents/Resources/browser/features/e10srollout@mozilla.org.xpi
1482396992662	addons.xpi	DEBUG	Calling bootstrap method install on e10srollout@mozilla.org version 1.5
1482396992664	addons.xpi-utils	DEBUG	Make addon app-system-defaults:e10srollout@mozilla.org visible
1482396992664	DeferredSave.extensions.json	DEBUG	Save changes
1482396992664	addons.manager	DEBUG	Registering startup change 'installed' for firefox@getpocket.com
1482396992665	addons.xpi	DEBUG	Loading bootstrap scope from /Applications/Firefox.app/Contents/Resources/browser/features/firefox@getpocket.com.xpi
1482396992668	addons.xpi	DEBUG	Calling bootstrap method install on firefox@getpocket.com version 1.0.5
1482396992668	addons.xpi-utils	DEBUG	Make addon app-system-defaults:firefox@getpocket.com visible
1482396992669	DeferredSave.extensions.json	DEBUG	Save changes
1482396992669	addons.manager	DEBUG	Registering startup change 'installed' for webcompat@mozilla.org
1482396992669	addons.xpi	DEBUG	Loading bootstrap scope from /Applications/Firefox.app/Contents/Resources/browser/features/webcompat@mozilla.org.xpi
1482396992671	addons.xpi	DEBUG	Calling bootstrap method install on webcompat@mozilla.org version 1.0
1482396992671	addons.xpi-utils	DEBUG	Make addon app-system-defaults:webcompat@mozilla.org visible
1482396992671	DeferredSave.extensions.json	DEBUG	Save changes
1482396992671	addons.xpi-utils	DEBUG	Make addon app-global:{972ce4c6-7e08-4474-a285-3208198ce6fd} visible
1482396992672	DeferredSave.extensions.json	DEBUG	Save changes
1482396992672	addons.xpi	DEBUG	Updating XPIState for {"id":"aushelper@mozilla.org","syncGUID":"{be36fdb1-b976-cf49-80ab-3e78d9f5590b}","location":"app-system-defaults","version":"1.0","type":"extension","internalName":null,"updateURL":null,"updateKey":null,"optionsURL":null,"optionsType":null,"aboutURL":null,"icons":{},"iconURL":null,"icon64URL":null,"defaultLocale":{"name":"Application Update Service Helper","description":"Sets value(s) in the update url based on custom checks.","creator":null,"homepageURL":null},"visible":true,"active":true,"userDisabled":false,"appDisabled":false,"descriptor":"/Applications/Firefox.app/Contents/Resources/browser/features/aushelper@mozilla.org.xpi","installDate":1481248530000,"updateDate":1481248530000,"applyBackgroundUpdates":1,"bootstrap":true,"skinnable":false,"size":5975,"sourceURI":null,"releaseNotesURI":null,"softDisabled":false,"foreignInstall":false,"hasBinaryComponents":false,"strictCompatibility":false,"locales":[],"targetApplications":[{"id":"{ec8030f7-c20a-464f-9b0e-13a3a9e97384}","minVersion":"50.1.0","maxVersion":"50.*"}],"targetPlatforms":[],"multiprocessCompatible":true,"seen":true}
1482396992672	addons.xpi	DEBUG	getModTime: Recursive scan of aushelper@mozilla.org
1482396992673	addons.xpi	DEBUG	Updating XPIState for {"id":"e10srollout@mozilla.org","syncGUID":"{09ecd920-8534-4241-ab9b-c4c517fa69bd}","location":"app-system-defaults","version":"1.5","type":"extension","internalName":null,"updateURL":null,"updateKey":null,"optionsURL":null,"optionsType":null,"aboutURL":null,"icons":{},"iconURL":null,"icon64URL":null,"defaultLocale":{"name":"Multi-process staged rollout","description":"Staged rollout of Firefox multi-process feature.","creator":null,"homepageURL":null},"visible":true,"active":true,"userDisabled":false,"appDisabled":false,"descriptor":"/Applications/Firefox.app/Contents/Resources/browser/features/e10srollout@mozilla.org.xpi","installDate":1481248530000,"updateDate":1481248530000,"applyBackgroundUpdates":1,"bootstrap":true,"skinnable":false,"size":7210,"sourceURI":null,"releaseNotesURI":null,"softDisabled":false,"foreignInstall":false,"hasBinaryComponents":false,"strictCompatibility":false,"locales":[],"targetApplications":[{"id":"{ec8030f7-c20a-464f-9b0e-13a3a9e97384}","minVersion":"50.1.0","maxVersion":"50.*"}],"targetPlatforms":[],"multiprocessCompatible":false,"seen":true}
1482396992673	addons.xpi	DEBUG	getModTime: Recursive scan of e10srollout@mozilla.org
1482396992673	addons.xpi	DEBUG	Updating XPIState for {"id":"firefox@getpocket.com","syncGUID":"{0962ef37-50be-234d-845e-f1abfed59d83}","location":"app-system-defaults","version":"1.0.5","type":"extension","internalName":null,"updateURL":null,"updateKey":null,"optionsURL":null,"optionsType":null,"aboutURL":null,"icons":{},"iconURL":null,"icon64URL":null,"defaultLocale":{"name":"Pocket","description":"When you find something you want to view later, put it in Pocket.","creator":null,"homepageURL":null},"visible":true,"active":true,"userDisabled":false,"appDisabled":false,"descriptor":"/Applications/Firefox.app/Contents/Resources/browser/features/firefox@getpocket.com.xpi","installDate":1481248530000,"updateDate":1481248530000,"applyBackgroundUpdates":1,"bootstrap":true,"skinnable":false,"size":917398,"sourceURI":null,"releaseNotesURI":null,"softDisabled":false,"foreignInstall":false,"hasBinaryComponents":false,"strictCompatibility":false,"locales":[],"targetApplications":[{"id":"{ec8030f7-c20a-464f-9b0e-13a3a9e97384}","minVersion":"50.1.0","maxVersion":"50.*"}],"targetPlatforms":[],"multiprocessCompatible":false,"seen":true}
1482396992673	addons.xpi	DEBUG	getModTime: Recursive scan of firefox@getpocket.com
1482396992674	addons.xpi	DEBUG	Updating XPIState for {"id":"webcompat@mozilla.org","syncGUID":"{bfc9adf9-82b9-db4b-ba7d-4121909b3677}","location":"app-system-defaults","version":"1.0","type":"extension","internalName":null,"updateURL":null,"updateKey":null,"optionsURL":null,"optionsType":null,"aboutURL":null,"icons":{},"iconURL":null,"icon64URL":null,"defaultLocale":{"name":"Web Compat","description":"Urgent post-release fixes for web compatibility.","creator":null,"homepageURL":null},"visible":true,"active":true,"userDisabled":false,"appDisabled":false,"descriptor":"/Applications/Firefox.app/Contents/Resources/browser/features/webcompat@mozilla.org.xpi","installDate":1481248530000,"updateDate":1481248530000,"applyBackgroundUpdates":1,"bootstrap":true,"skinnable":false,"size":1502,"sourceURI":null,"releaseNotesURI":null,"softDisabled":false,"foreignInstall":false,"hasBinaryComponents":false,"strictCompatibility":false,"locales":[],"targetApplications":[{"id":"{ec8030f7-c20a-464f-9b0e-13a3a9e97384}","minVersion":"50.1.0","maxVersion":"50.*"}],"targetPlatforms":[],"multiprocessCompatible":false,"seen":true}
1482396992674	addons.xpi	DEBUG	getModTime: Recursive scan of webcompat@mozilla.org
1482396992674	addons.xpi	DEBUG	Updating XPIState for {"id":"{972ce4c6-7e08-4474-a285-3208198ce6fd}","syncGUID":"{aa006510-153f-a247-b3b2-e5346c9e07ef}","location":"app-global","version":"50.1.0","type":"theme","internalName":"classic/1.0","updateURL":null,"updateKey":null,"optionsURL":null,"optionsType":null,"aboutURL":null,"icons":{"32":"icon.png","48":"icon.png"},"iconURL":null,"icon64URL":null,"defaultLocale":{"name":"Default","description":"The default theme.","creator":"Mozilla","homepageURL":null,"contributors":["Mozilla Contributors"]},"visible":true,"active":true,"userDisabled":false,"appDisabled":false,"descriptor":"/Applications/Firefox.app/Contents/Resources/browser/extensions/{972ce4c6-7e08-4474-a285-3208198ce6fd}.xpi","installDate":1481248530000,"updateDate":1481248530000,"applyBackgroundUpdates":1,"skinnable":true,"size":6856,"sourceURI":null,"releaseNotesURI":null,"softDisabled":false,"foreignInstall":false,"hasBinaryComponents":false,"strictCompatibility":true,"locales":[],"targetApplications":[{"id":"{ec8030f7-c20a-464f-9b0e-13a3a9e97384}","minVersion":"50.1.0","maxVersion":"50.1.0"}],"targetPlatforms":[],"seen":true}
1482396992674	addons.xpi	DEBUG	getModTime: Recursive scan of {972ce4c6-7e08-4474-a285-3208198ce6fd}
1482396992676	DeferredSave.extensions.json	DEBUG	Save changes
1482396992676	addons.xpi	DEBUG	Updating database with changes to installed add-ons
1482396992676	addons.xpi-utils	DEBUG	Updating add-on states
1482396992677	addons.xpi-utils	DEBUG	Writing add-ons list
1482396992679	addons.xpi	DEBUG	Registering manifest for /Applications/Firefox.app/Contents/Resources/browser/features/aushelper@mozilla.org.xpi
1482396992679	addons.xpi	DEBUG	Calling bootstrap method startup on aushelper@mozilla.org version 1.0
1482396992679	addons.xpi	DEBUG	Registering manifest for /Applications/Firefox.app/Contents/Resources/browser/features/e10srollout@mozilla.org.xpi
1482396992680	addons.xpi	DEBUG	Calling bootstrap method startup on e10srollout@mozilla.org version 1.5
1482396992680	addons.xpi	DEBUG	Registering manifest for /Applications/Firefox.app/Contents/Resources/browser/features/firefox@getpocket.com.xpi
1482396992680	addons.xpi	DEBUG	Calling bootstrap method startup on firefox@getpocket.com version 1.0.5
1482396992682	addons.xpi	DEBUG	Registering manifest for /Applications/Firefox.app/Contents/Resources/browser/features/webcompat@mozilla.org.xpi
1482396992682	addons.xpi	DEBUG	Calling bootstrap method startup on webcompat@mozilla.org version 1.0
1482396992684	addons.manager	DEBUG	Registering shutdown blocker for XPIProvider
1482396992684	addons.manager	DEBUG	Provider finished startup: XPIProvider
1482396992684	addons.manager	DEBUG	Starting provider: LightweightThemeManager
1482396992684	addons.manager	DEBUG	Registering shutdown blocker for LightweightThemeManager
1482396992685	addons.manager	DEBUG	Provider finished startup: LightweightThemeManager
1482396992685	addons.manager	DEBUG	Starting provider: GMPProvider
1482396992692	addons.manager	DEBUG	Registering shutdown blocker for GMPProvider
1482396992692	addons.manager	DEBUG	Provider finished startup: GMPProvider
1482396992692	addons.manager	DEBUG	Starting provider: PluginProvider
1482396992692	addons.manager	DEBUG	Registering shutdown blocker for PluginProvider
1482396992693	addons.manager	DEBUG	Provider finished startup: PluginProvider
1482396992693	addons.manager	DEBUG	Completed startup sequence
1482396992854	Marionette	INFO	Listening on port 61543
1482396993052	addons.manager	DEBUG	Starting provider: <unnamed-provider>
1482396993053	addons.manager	DEBUG	Registering shutdown blocker for <unnamed-provider>
1482396993053	addons.manager	DEBUG	Provider finished startup: <unnamed-provider>
1482396993078	addons.manager	DEBUG	Starting provider: PreviousExperimentProvider
1482396993078	addons.manager	DEBUG	Registering shutdown blocker for PreviousExperimentProvider
1482396993079	addons.manager	DEBUG	Provider finished startup: PreviousExperimentProvider
1482396993084	DeferredSave.extensions.json	DEBUG	Starting write
1482396993228	DeferredSave.extensions.json	DEBUG	Write succeeded
1482396993229	addons.xpi-utils	DEBUG	XPI Database saved, setting schema version preference to 17
1482397019202	addons.xpi	DEBUG	Calling bootstrap method shutdown on aushelper@mozilla.org version 1.0
1482397019203	addons.xpi	DEBUG	Calling bootstrap method shutdown on e10srollout@mozilla.org version 1.5
1482397019203	addons.xpi	DEBUG	Calling bootstrap method shutdown on firefox@getpocket.com version 1.0.5
1482397019204	addons.xpi	DEBUG	Calling bootstrap method shutdown on webcompat@mozilla.org version 1.0
1482397019421	addons.manager	DEBUG	shutdown
1482397019422	addons.manager	DEBUG	Calling shutdown blocker for XPIProvider
1482397019422	addons.xpi	DEBUG	shutdown
1482397019422	addons.xpi-utils	DEBUG	shutdown
1482397019423	addons.manager	DEBUG	Calling shutdown blocker for LightweightThemeManager
1482397019423	addons.manager	DEBUG	Calling shutdown blocker for GMPProvider
1482397019426	addons.manager	DEBUG	Calling shutdown blocker for PluginProvider
1482397019427	addons.manager	DEBUG	Calling shutdown blocker for <unnamed-provider>
1482397019429	addons.manager	DEBUG	Calling shutdown blocker for PreviousExperimentProvider
1482397019432	addons.xpi	DEBUG	Notifying XPI shutdown observers
1482397019438	addons.manager	DEBUG	Async provider shutdown done
1482397020988	geckodriver	INFO	Listening on 127.0.0.1:62098
1482397021991	mozprofile::profile	INFO	Using profile path /var/folders/ll/c76fhdyx3rx5wbb09jvj06yw0000gn/T/rust_mozprofile.hZaFblXNEgaT
1482397021994	geckodriver::marionette	INFO	Starting browser /Applications/Firefox.app/Contents/MacOS/firefox-bin
1482397021995	geckodriver::marionette	INFO	Connecting to Marionette on localhost:62104
1482397022219	addons.manager	DEBUG	Application has been upgraded
1482397022243	addons.manager	DEBUG	Loaded provider scope for resource://gre/modules/addons/XPIProvider.jsm: ["XPIProvider"]
1482397022245	addons.manager	DEBUG	Loaded provider scope for resource://gre/modules/LightweightThemeManager.jsm: ["LightweightThemeManager"]
1482397022250	addons.manager	DEBUG	Loaded provider scope for resource://gre/modules/addons/GMPProvider.jsm
1482397022252	addons.manager	DEBUG	Loaded provider scope for resource://gre/modules/addons/PluginProvider.jsm
1482397022252	addons.manager	DEBUG	Starting provider: XPIProvider
1482397022253	addons.xpi	DEBUG	startup
1482397022254	addons.xpi	INFO	SystemAddonInstallLocation directory is missing
1482397022254	addons.xpi	INFO	Mapping aushelper@mozilla.org to /Applications/Firefox.app/Contents/Resources/browser/features/aushelper@mozilla.org.xpi
1482397022255	addons.xpi	INFO	Mapping e10srollout@mozilla.org to /Applications/Firefox.app/Contents/Resources/browser/features/e10srollout@mozilla.org.xpi
1482397022255	addons.xpi	INFO	Mapping firefox@getpocket.com to /Applications/Firefox.app/Contents/Resources/browser/features/firefox@getpocket.com.xpi
1482397022255	addons.xpi	INFO	Mapping webcompat@mozilla.org to /Applications/Firefox.app/Contents/Resources/browser/features/webcompat@mozilla.org.xpi
1482397022256	addons.xpi	INFO	Mapping {972ce4c6-7e08-4474-a285-3208198ce6fd} to /Applications/Firefox.app/Contents/Resources/browser/extensions/{972ce4c6-7e08-4474-a285-3208198ce6fd}.xpi
1482397022256	addons.xpi	DEBUG	checkForChanges
1482397022257	addons.xpi	DEBUG	Loaded add-on state from prefs: {}
1482397022258	addons.xpi	DEBUG	New add-on aushelper@mozilla.org in app-system-defaults
1482397022258	addons.xpi	DEBUG	getModTime: Recursive scan of aushelper@mozilla.org
1482397022259	addons.xpi	DEBUG	New add-on e10srollout@mozilla.org in app-system-defaults
1482397022259	addons.xpi	DEBUG	getModTime: Recursive scan of e10srollout@mozilla.org
1482397022259	addons.xpi	DEBUG	New add-on firefox@getpocket.com in app-system-defaults
1482397022260	addons.xpi	DEBUG	getModTime: Recursive scan of firefox@getpocket.com
1482397022260	addons.xpi	DEBUG	New add-on webcompat@mozilla.org in app-system-defaults
1482397022260	addons.xpi	DEBUG	getModTime: Recursive scan of webcompat@mozilla.org
1482397022261	addons.xpi	DEBUG	New add-on {972ce4c6-7e08-4474-a285-3208198ce6fd} in app-global
1482397022261	addons.xpi	DEBUG	getModTime: Recursive scan of {972ce4c6-7e08-4474-a285-3208198ce6fd}
1482397022262	addons.xpi	DEBUG	getInstallState changed: true, state: {"app-system-defaults":{"aushelper@mozilla.org":{"d":"/Applications/Firefox.app/Contents/Resources/browser/features/aushelper@mozilla.org.xpi","st":1481248530000},"e10srollout@mozilla.org":{"d":"/Applications/Firefox.app/Contents/Resources/browser/features/e10srollout@mozilla.org.xpi","st":1481248530000},"firefox@getpocket.com":{"d":"/Applications/Firefox.app/Contents/Resources/browser/features/firefox@getpocket.com.xpi","st":1481248530000},"webcompat@mozilla.org":{"d":"/Applications/Firefox.app/Contents/Resources/browser/features/webcompat@mozilla.org.xpi","st":1481248530000}},"app-global":{"{972ce4c6-7e08-4474-a285-3208198ce6fd}":{"d":"/Applications/Firefox.app/Contents/Resources/browser/extensions/{972ce4c6-7e08-4474-a285-3208198ce6fd}.xpi","st":1481248530000}}}
1482397022270	addons.xpi-utils	DEBUG	Opening XPI database /var/folders/ll/c76fhdyx3rx5wbb09jvj06yw0000gn/T/rust_mozprofile.hZaFblXNEgaT/extensions.json
1482397022271	addons.xpi-utils	DEBUG	New add-on aushelper@mozilla.org installed in app-system-defaults
*** Blocklist::_loadBlocklistFromFile: blocklist is disabled
1482397022279	DeferredSave.extensions.json	DEBUG	Save changes
1482397022279	addons.xpi-utils	DEBUG	New add-on e10srollout@mozilla.org installed in app-system-defaults
1482397022282	DeferredSave.extensions.json	DEBUG	Starting timer
1482397022284	DeferredSave.extensions.json	DEBUG	Save changes
1482397022284	addons.xpi-utils	DEBUG	New add-on firefox@getpocket.com installed in app-system-defaults
1482397022289	DeferredSave.extensions.json	DEBUG	Save changes
1482397022289	addons.xpi-utils	DEBUG	New add-on webcompat@mozilla.org installed in app-system-defaults
1482397022293	DeferredSave.extensions.json	DEBUG	Save changes
1482397022294	addons.xpi-utils	DEBUG	New add-on {972ce4c6-7e08-4474-a285-3208198ce6fd} installed in app-global
1482397022298	DeferredSave.extensions.json	DEBUG	Save changes
1482397022298	addons.manager	DEBUG	Registering startup change 'installed' for aushelper@mozilla.org
1482397022304	addons.xpi	DEBUG	Loading bootstrap scope from /Applications/Firefox.app/Contents/Resources/browser/features/aushelper@mozilla.org.xpi
1482397022308	addons.xpi	DEBUG	Calling bootstrap method install on aushelper@mozilla.org version 1.0
1482397022308	addons.xpi-utils	DEBUG	Make addon app-system-defaults:aushelper@mozilla.org visible
1482397022309	DeferredSave.extensions.json	DEBUG	Save changes
1482397022310	addons.manager	DEBUG	Registering startup change 'installed' for e10srollout@mozilla.org
1482397022310	addons.xpi	DEBUG	Loading bootstrap scope from /Applications/Firefox.app/Contents/Resources/browser/features/e10srollout@mozilla.org.xpi
1482397022320	addons.xpi	DEBUG	Calling bootstrap method install on e10srollout@mozilla.org version 1.5
1482397022321	addons.xpi-utils	DEBUG	Make addon app-system-defaults:e10srollout@mozilla.org visible
1482397022321	DeferredSave.extensions.json	DEBUG	Save changes
1482397022321	addons.manager	DEBUG	Registering startup change 'installed' for firefox@getpocket.com
1482397022322	addons.xpi	DEBUG	Loading bootstrap scope from /Applications/Firefox.app/Contents/Resources/browser/features/firefox@getpocket.com.xpi
1482397022325	addons.xpi	DEBUG	Calling bootstrap method install on firefox@getpocket.com version 1.0.5
1482397022326	addons.xpi-utils	DEBUG	Make addon app-system-defaults:firefox@getpocket.com visible
1482397022326	DeferredSave.extensions.json	DEBUG	Save changes
1482397022326	addons.manager	DEBUG	Registering startup change 'installed' for webcompat@mozilla.org
1482397022326	addons.xpi	DEBUG	Loading bootstrap scope from /Applications/Firefox.app/Contents/Resources/browser/features/webcompat@mozilla.org.xpi
1482397022328	addons.xpi	DEBUG	Calling bootstrap method install on webcompat@mozilla.org version 1.0
1482397022328	addons.xpi-utils	DEBUG	Make addon app-system-defaults:webcompat@mozilla.org visible
1482397022328	DeferredSave.extensions.json	DEBUG	Save changes
1482397022328	addons.xpi-utils	DEBUG	Make addon app-global:{972ce4c6-7e08-4474-a285-3208198ce6fd} visible
1482397022328	DeferredSave.extensions.json	DEBUG	Save changes
1482397022329	addons.xpi	DEBUG	Updating XPIState for {"id":"aushelper@mozilla.org","syncGUID":"{e9ee2e8b-e043-7d4e-93ec-57eb2866c3d5}","location":"app-system-defaults","version":"1.0","type":"extension","internalName":null,"updateURL":null,"updateKey":null,"optionsURL":null,"optionsType":null,"aboutURL":null,"icons":{},"iconURL":null,"icon64URL":null,"defaultLocale":{"name":"Application Update Service Helper","description":"Sets value(s) in the update url based on custom checks.","creator":null,"homepageURL":null},"visible":true,"active":true,"userDisabled":false,"appDisabled":false,"descriptor":"/Applications/Firefox.app/Contents/Resources/browser/features/aushelper@mozilla.org.xpi","installDate":1481248530000,"updateDate":1481248530000,"applyBackgroundUpdates":1,"bootstrap":true,"skinnable":false,"size":5975,"sourceURI":null,"releaseNotesURI":null,"softDisabled":false,"foreignInstall":false,"hasBinaryComponents":false,"strictCompatibility":false,"locales":[],"targetApplications":[{"id":"{ec8030f7-c20a-464f-9b0e-13a3a9e97384}","minVersion":"50.1.0","maxVersion":"50.*"}],"targetPlatforms":[],"multiprocessCompatible":true,"seen":true}
1482397022329	addons.xpi	DEBUG	getModTime: Recursive scan of aushelper@mozilla.org
1482397022330	addons.xpi	DEBUG	Updating XPIState for {"id":"e10srollout@mozilla.org","syncGUID":"{cbad9e27-10ea-8149-96cd-853e0266ed38}","location":"app-system-defaults","version":"1.5","type":"extension","internalName":null,"updateURL":null,"updateKey":null,"optionsURL":null,"optionsType":null,"aboutURL":null,"icons":{},"iconURL":null,"icon64URL":null,"defaultLocale":{"name":"Multi-process staged rollout","description":"Staged rollout of Firefox multi-process feature.","creator":null,"homepageURL":null},"visible":true,"active":true,"userDisabled":false,"appDisabled":false,"descriptor":"/Applications/Firefox.app/Contents/Resources/browser/features/e10srollout@mozilla.org.xpi","installDate":1481248530000,"updateDate":1481248530000,"applyBackgroundUpdates":1,"bootstrap":true,"skinnable":false,"size":7210,"sourceURI":null,"releaseNotesURI":null,"softDisabled":false,"foreignInstall":false,"hasBinaryComponents":false,"strictCompatibility":false,"locales":[],"targetApplications":[{"id":"{ec8030f7-c20a-464f-9b0e-13a3a9e97384}","minVersion":"50.1.0","maxVersion":"50.*"}],"targetPlatforms":[],"multiprocessCompatible":false,"seen":true}
1482397022330	addons.xpi	DEBUG	getModTime: Recursive scan of e10srollout@mozilla.org
1482397022330	addons.xpi	DEBUG	Updating XPIState for {"id":"firefox@getpocket.com","syncGUID":"{03141820-1950-6e42-bf86-38d002ec5513}","location":"app-system-defaults","version":"1.0.5","type":"extension","internalName":null,"updateURL":null,"updateKey":null,"optionsURL":null,"optionsType":null,"aboutURL":null,"icons":{},"iconURL":null,"icon64URL":null,"defaultLocale":{"name":"Pocket","description":"When you find something you want to view later, put it in Pocket.","creator":null,"homepageURL":null},"visible":true,"active":true,"userDisabled":false,"appDisabled":false,"descriptor":"/Applications/Firefox.app/Contents/Resources/browser/features/firefox@getpocket.com.xpi","installDate":1481248530000,"updateDate":1481248530000,"applyBackgroundUpdates":1,"bootstrap":true,"skinnable":false,"size":917398,"sourceURI":null,"releaseNotesURI":null,"softDisabled":false,"foreignInstall":false,"hasBinaryComponents":false,"strictCompatibility":false,"locales":[],"targetApplications":[{"id":"{ec8030f7-c20a-464f-9b0e-13a3a9e97384}","minVersion":"50.1.0","maxVersion":"50.*"}],"targetPlatforms":[],"multiprocessCompatible":false,"seen":true}
1482397022330	addons.xpi	DEBUG	getModTime: Recursive scan of firefox@getpocket.com
1482397022331	addons.xpi	DEBUG	Updating XPIState for {"id":"webcompat@mozilla.org","syncGUID":"{ea101cf1-53a2-4040-b3ed-5757f5e1c395}","location":"app-system-defaults","version":"1.0","type":"extension","internalName":null,"updateURL":null,"updateKey":null,"optionsURL":null,"optionsType":null,"aboutURL":null,"icons":{},"iconURL":null,"icon64URL":null,"defaultLocale":{"name":"Web Compat","description":"Urgent post-release fixes for web compatibility.","creator":null,"homepageURL":null},"visible":true,"active":true,"userDisabled":false,"appDisabled":false,"descriptor":"/Applications/Firefox.app/Contents/Resources/browser/features/webcompat@mozilla.org.xpi","installDate":1481248530000,"updateDate":1481248530000,"applyBackgroundUpdates":1,"bootstrap":true,"skinnable":false,"size":1502,"sourceURI":null,"releaseNotesURI":null,"softDisabled":false,"foreignInstall":false,"hasBinaryComponents":false,"strictCompatibility":false,"locales":[],"targetApplications":[{"id":"{ec8030f7-c20a-464f-9b0e-13a3a9e97384}","minVersion":"50.1.0","maxVersion":"50.*"}],"targetPlatforms":[],"multiprocessCompatible":false,"seen":true}
1482397022331	addons.xpi	DEBUG	getModTime: Recursive scan of webcompat@mozilla.org
1482397022331	addons.xpi	DEBUG	Updating XPIState for {"id":"{972ce4c6-7e08-4474-a285-3208198ce6fd}","syncGUID":"{e8a48977-e8fe-1a40-bd08-8f96659df361}","location":"app-global","version":"50.1.0","type":"theme","internalName":"classic/1.0","updateURL":null,"updateKey":null,"optionsURL":null,"optionsType":null,"aboutURL":null,"icons":{"32":"icon.png","48":"icon.png"},"iconURL":null,"icon64URL":null,"defaultLocale":{"name":"Default","description":"The default theme.","creator":"Mozilla","homepageURL":null,"contributors":["Mozilla Contributors"]},"visible":true,"active":true,"userDisabled":false,"appDisabled":false,"descriptor":"/Applications/Firefox.app/Contents/Resources/browser/extensions/{972ce4c6-7e08-4474-a285-3208198ce6fd}.xpi","installDate":1481248530000,"updateDate":1481248530000,"applyBackgroundUpdates":1,"skinnable":true,"size":6856,"sourceURI":null,"releaseNotesURI":null,"softDisabled":false,"foreignInstall":false,"hasBinaryComponents":false,"strictCompatibility":true,"locales":[],"targetApplications":[{"id":"{ec8030f7-c20a-464f-9b0e-13a3a9e97384}","minVersion":"50.1.0","maxVersion":"50.1.0"}],"targetPlatforms":[],"seen":true}
1482397022331	addons.xpi	DEBUG	getModTime: Recursive scan of {972ce4c6-7e08-4474-a285-3208198ce6fd}
1482397022332	DeferredSave.extensions.json	DEBUG	Save changes
1482397022333	addons.xpi	DEBUG	Updating database with changes to installed add-ons
1482397022333	addons.xpi-utils	DEBUG	Updating add-on states
1482397022333	addons.xpi-utils	DEBUG	Writing add-ons list
1482397022334	addons.xpi	DEBUG	Registering manifest for /Applications/Firefox.app/Contents/Resources/browser/features/aushelper@mozilla.org.xpi
1482397022335	addons.xpi	DEBUG	Calling bootstrap method startup on aushelper@mozilla.org version 1.0
1482397022335	addons.xpi	DEBUG	Registering manifest for /Applications/Firefox.app/Contents/Resources/browser/features/e10srollout@mozilla.org.xpi
1482397022335	addons.xpi	DEBUG	Calling bootstrap method startup on e10srollout@mozilla.org version 1.5
1482397022335	addons.xpi	DEBUG	Registering manifest for /Applications/Firefox.app/Contents/Resources/browser/features/firefox@getpocket.com.xpi
1482397022336	addons.xpi	DEBUG	Calling bootstrap method startup on firefox@getpocket.com version 1.0.5
1482397022337	addons.xpi	DEBUG	Registering manifest for /Applications/Firefox.app/Contents/Resources/browser/features/webcompat@mozilla.org.xpi
1482397022337	addons.xpi	DEBUG	Calling bootstrap method startup on webcompat@mozilla.org version 1.0
1482397022339	addons.manager	DEBUG	Registering shutdown blocker for XPIProvider
1482397022339	addons.manager	DEBUG	Provider finished startup: XPIProvider
1482397022339	addons.manager	DEBUG	Starting provider: LightweightThemeManager
1482397022339	addons.manager	DEBUG	Registering shutdown blocker for LightweightThemeManager
1482397022339	addons.manager	DEBUG	Provider finished startup: LightweightThemeManager
1482397022340	addons.manager	DEBUG	Starting provider: GMPProvider
1482397022348	addons.manager	DEBUG	Registering shutdown blocker for GMPProvider
1482397022349	addons.manager	DEBUG	Provider finished startup: GMPProvider
1482397022349	addons.manager	DEBUG	Starting provider: PluginProvider
1482397022349	addons.manager	DEBUG	Registering shutdown blocker for PluginProvider
1482397022349	addons.manager	DEBUG	Provider finished startup: PluginProvider
1482397022350	addons.manager	DEBUG	Completed startup sequence
1482397022497	Marionette	INFO	Listening on port 62104
1482397022668	addons.manager	DEBUG	Starting provider: <unnamed-provider>
1482397022669	addons.manager	DEBUG	Registering shutdown blocker for <unnamed-provider>
1482397022669	addons.manager	DEBUG	Provider finished startup: <unnamed-provider>
1482397022691	addons.manager	DEBUG	Starting provider: PreviousExperimentProvider
1482397022691	addons.manager	DEBUG	Registering shutdown blocker for PreviousExperimentProvider
1482397022693	addons.manager	DEBUG	Provider finished startup: PreviousExperimentProvider
1482397022698	DeferredSave.extensions.json	DEBUG	Starting write
1482397022847	DeferredSave.extensions.json	DEBUG	Write succeeded
1482397022848	addons.xpi-utils	DEBUG	XPI Database saved, setting schema version preference to 17
1482397036538	addons.xpi	DEBUG	Calling bootstrap method shutdown on aushelper@mozilla.org version 1.0
1482397036538	addons.xpi	DEBUG	Calling bootstrap method shutdown on e10srollout@mozilla.org version 1.5
1482397036539	addons.xpi	DEBUG	Calling bootstrap method shutdown on firefox@getpocket.com version 1.0.5
1482397036541	addons.xpi	DEBUG	Calling bootstrap method shutdown on webcompat@mozilla.org version 1.0
1482397036761	addons.manager	DEBUG	shutdown
1482397036762	addons.manager	DEBUG	Calling shutdown blocker for XPIProvider
1482397036762	addons.xpi	DEBUG	shutdown
1482397036763	addons.xpi-utils	DEBUG	shutdown
1482397036764	addons.manager	DEBUG	Calling shutdown blocker for LightweightThemeManager
1482397036765	addons.manager	DEBUG	Calling shutdown blocker for GMPProvider
1482397036768	addons.manager	DEBUG	Calling shutdown blocker for PluginProvider
1482397036770	addons.manager	DEBUG	Calling shutdown blocker for <unnamed-provider>
1482397036774	addons.manager	DEBUG	Calling shutdown blocker for PreviousExperimentProvider
1482397036778	addons.xpi	DEBUG	Notifying XPI shutdown observers
1482397036784	addons.manager	DEBUG	Async provider shutdown done
1482401022409	geckodriver	INFO	Listening on 127.0.0.1:49689
1482401023413	mozprofile::profile	INFO	Using profile path /var/folders/ll/c76fhdyx3rx5wbb09jvj06yw0000gn/T/rust_mozprofile.58jRYwJ38s3E
1482401023416	geckodriver::marionette	INFO	Starting browser /Applications/Firefox.app/Contents/MacOS/firefox-bin
1482401023418	geckodriver::marionette	INFO	Connecting to Marionette on localhost:49695
1482401023699	addons.manager	DEBUG	Application has been upgraded
1482401023738	addons.manager	DEBUG	Loaded provider scope for resource://gre/modules/addons/XPIProvider.jsm: ["XPIProvider"]
1482401023742	addons.manager	DEBUG	Loaded provider scope for resource://gre/modules/LightweightThemeManager.jsm: ["LightweightThemeManager"]
1482401023748	addons.manager	DEBUG	Loaded provider scope for resource://gre/modules/addons/GMPProvider.jsm
1482401023750	addons.manager	DEBUG	Loaded provider scope for resource://gre/modules/addons/PluginProvider.jsm
1482401023750	addons.manager	DEBUG	Starting provider: XPIProvider
1482401023751	addons.xpi	DEBUG	startup
1482401023751	addons.xpi	INFO	SystemAddonInstallLocation directory is missing
1482401023752	addons.xpi	INFO	Mapping aushelper@mozilla.org to /Applications/Firefox.app/Contents/Resources/browser/features/aushelper@mozilla.org.xpi
1482401023753	addons.xpi	INFO	Mapping e10srollout@mozilla.org to /Applications/Firefox.app/Contents/Resources/browser/features/e10srollout@mozilla.org.xpi
1482401023753	addons.xpi	INFO	Mapping firefox@getpocket.com to /Applications/Firefox.app/Contents/Resources/browser/features/firefox@getpocket.com.xpi
1482401023753	addons.xpi	INFO	Mapping webcompat@mozilla.org to /Applications/Firefox.app/Contents/Resources/browser/features/webcompat@mozilla.org.xpi
1482401023754	addons.xpi	INFO	Mapping {972ce4c6-7e08-4474-a285-3208198ce6fd} to /Applications/Firefox.app/Contents/Resources/browser/extensions/{972ce4c6-7e08-4474-a285-3208198ce6fd}.xpi
1482401023754	addons.xpi	DEBUG	checkForChanges
1482401023755	addons.xpi	DEBUG	Loaded add-on state from prefs: {}
1482401023756	addons.xpi	DEBUG	New add-on aushelper@mozilla.org in app-system-defaults
1482401023756	addons.xpi	DEBUG	getModTime: Recursive scan of aushelper@mozilla.org
1482401023757	addons.xpi	DEBUG	New add-on e10srollout@mozilla.org in app-system-defaults
1482401023758	addons.xpi	DEBUG	getModTime: Recursive scan of e10srollout@mozilla.org
1482401023759	addons.xpi	DEBUG	New add-on firefox@getpocket.com in app-system-defaults
1482401023760	addons.xpi	DEBUG	getModTime: Recursive scan of firefox@getpocket.com
1482401023761	addons.xpi	DEBUG	New add-on webcompat@mozilla.org in app-system-defaults
1482401023762	addons.xpi	DEBUG	getModTime: Recursive scan of webcompat@mozilla.org
1482401023763	addons.xpi	DEBUG	New add-on {972ce4c6-7e08-4474-a285-3208198ce6fd} in app-global
1482401023764	addons.xpi	DEBUG	getModTime: Recursive scan of {972ce4c6-7e08-4474-a285-3208198ce6fd}
1482401023764	addons.xpi	DEBUG	getInstallState changed: true, state: {"app-system-defaults":{"aushelper@mozilla.org":{"d":"/Applications/Firefox.app/Contents/Resources/browser/features/aushelper@mozilla.org.xpi","st":1481248530000},"e10srollout@mozilla.org":{"d":"/Applications/Firefox.app/Contents/Resources/browser/features/e10srollout@mozilla.org.xpi","st":1481248530000},"firefox@getpocket.com":{"d":"/Applications/Firefox.app/Contents/Resources/browser/features/firefox@getpocket.com.xpi","st":1481248530000},"webcompat@mozilla.org":{"d":"/Applications/Firefox.app/Contents/Resources/browser/features/webcompat@mozilla.org.xpi","st":1481248530000}},"app-global":{"{972ce4c6-7e08-4474-a285-3208198ce6fd}":{"d":"/Applications/Firefox.app/Contents/Resources/browser/extensions/{972ce4c6-7e08-4474-a285-3208198ce6fd}.xpi","st":1481248530000}}}
1482401023776	addons.xpi-utils	DEBUG	Opening XPI database /var/folders/ll/c76fhdyx3rx5wbb09jvj06yw0000gn/T/rust_mozprofile.58jRYwJ38s3E/extensions.json
1482401023779	addons.xpi-utils	DEBUG	New add-on aushelper@mozilla.org installed in app-system-defaults
*** Blocklist::_loadBlocklistFromFile: blocklist is disabled
1482401023789	DeferredSave.extensions.json	DEBUG	Save changes
1482401023790	addons.xpi-utils	DEBUG	New add-on e10srollout@mozilla.org installed in app-system-defaults
1482401023794	DeferredSave.extensions.json	DEBUG	Starting timer
1482401023796	DeferredSave.extensions.json	DEBUG	Save changes
1482401023796	addons.xpi-utils	DEBUG	New add-on firefox@getpocket.com installed in app-system-defaults
1482401023805	DeferredSave.extensions.json	DEBUG	Save changes
1482401023805	addons.xpi-utils	DEBUG	New add-on webcompat@mozilla.org installed in app-system-defaults
1482401023812	DeferredSave.extensions.json	DEBUG	Save changes
1482401023814	addons.xpi-utils	DEBUG	New add-on {972ce4c6-7e08-4474-a285-3208198ce6fd} installed in app-global
1482401023819	DeferredSave.extensions.json	DEBUG	Save changes
1482401023820	addons.manager	DEBUG	Registering startup change 'installed' for aushelper@mozilla.org
1482401023829	addons.xpi	DEBUG	Loading bootstrap scope from /Applications/Firefox.app/Contents/Resources/browser/features/aushelper@mozilla.org.xpi
1482401023836	addons.xpi	DEBUG	Calling bootstrap method install on aushelper@mozilla.org version 1.0
1482401023836	addons.xpi-utils	DEBUG	Make addon app-system-defaults:aushelper@mozilla.org visible
1482401023837	DeferredSave.extensions.json	DEBUG	Save changes
1482401023840	addons.manager	DEBUG	Registering startup change 'installed' for e10srollout@mozilla.org
1482401023840	addons.xpi	DEBUG	Loading bootstrap scope from /Applications/Firefox.app/Contents/Resources/browser/features/e10srollout@mozilla.org.xpi
1482401023856	addons.xpi	DEBUG	Calling bootstrap method install on e10srollout@mozilla.org version 1.5
1482401023858	addons.xpi-utils	DEBUG	Make addon app-system-defaults:e10srollout@mozilla.org visible
1482401023860	DeferredSave.extensions.json	DEBUG	Save changes
1482401023860	addons.manager	DEBUG	Registering startup change 'installed' for firefox@getpocket.com
1482401023862	addons.xpi	DEBUG	Loading bootstrap scope from /Applications/Firefox.app/Contents/Resources/browser/features/firefox@getpocket.com.xpi
1482401023867	addons.xpi	DEBUG	Calling bootstrap method install on firefox@getpocket.com version 1.0.5
1482401023867	addons.xpi-utils	DEBUG	Make addon app-system-defaults:firefox@getpocket.com visible
1482401023867	DeferredSave.extensions.json	DEBUG	Save changes
1482401023867	addons.manager	DEBUG	Registering startup change 'installed' for webcompat@mozilla.org
1482401023868	addons.xpi	DEBUG	Loading bootstrap scope from /Applications/Firefox.app/Contents/Resources/browser/features/webcompat@mozilla.org.xpi
1482401023870	addons.xpi	DEBUG	Calling bootstrap method install on webcompat@mozilla.org version 1.0
1482401023870	addons.xpi-utils	DEBUG	Make addon app-system-defaults:webcompat@mozilla.org visible
1482401023870	DeferredSave.extensions.json	DEBUG	Save changes
1482401023870	addons.xpi-utils	DEBUG	Make addon app-global:{972ce4c6-7e08-4474-a285-3208198ce6fd} visible
1482401023871	DeferredSave.extensions.json	DEBUG	Save changes
1482401023871	addons.xpi	DEBUG	Updating XPIState for {"id":"aushelper@mozilla.org","syncGUID":"{9002412c-3dfe-f949-ac56-1a7989463b0d}","location":"app-system-defaults","version":"1.0","type":"extension","internalName":null,"updateURL":null,"updateKey":null,"optionsURL":null,"optionsType":null,"aboutURL":null,"icons":{},"iconURL":null,"icon64URL":null,"defaultLocale":{"name":"Application Update Service Helper","description":"Sets value(s) in the update url based on custom checks.","creator":null,"homepageURL":null},"visible":true,"active":true,"userDisabled":false,"appDisabled":false,"descriptor":"/Applications/Firefox.app/Contents/Resources/browser/features/aushelper@mozilla.org.xpi","installDate":1481248530000,"updateDate":1481248530000,"applyBackgroundUpdates":1,"bootstrap":true,"skinnable":false,"size":5975,"sourceURI":null,"releaseNotesURI":null,"softDisabled":false,"foreignInstall":false,"hasBinaryComponents":false,"strictCompatibility":false,"locales":[],"targetApplications":[{"id":"{ec8030f7-c20a-464f-9b0e-13a3a9e97384}","minVersion":"50.1.0","maxVersion":"50.*"}],"targetPlatforms":[],"multiprocessCompatible":true,"seen":true}
1482401023871	addons.xpi	DEBUG	getModTime: Recursive scan of aushelper@mozilla.org
1482401023872	addons.xpi	DEBUG	Updating XPIState for {"id":"e10srollout@mozilla.org","syncGUID":"{e299ece6-c8cc-da4f-9c5e-04c4aca788a0}","location":"app-system-defaults","version":"1.5","type":"extension","internalName":null,"updateURL":null,"updateKey":null,"optionsURL":null,"optionsType":null,"aboutURL":null,"icons":{},"iconURL":null,"icon64URL":null,"defaultLocale":{"name":"Multi-process staged rollout","description":"Staged rollout of Firefox multi-process feature.","creator":null,"homepageURL":null},"visible":true,"active":true,"userDisabled":false,"appDisabled":false,"descriptor":"/Applications/Firefox.app/Contents/Resources/browser/features/e10srollout@mozilla.org.xpi","installDate":1481248530000,"updateDate":1481248530000,"applyBackgroundUpdates":1,"bootstrap":true,"skinnable":false,"size":7210,"sourceURI":null,"releaseNotesURI":null,"softDisabled":false,"foreignInstall":false,"hasBinaryComponents":false,"strictCompatibility":false,"locales":[],"targetApplications":[{"id":"{ec8030f7-c20a-464f-9b0e-13a3a9e97384}","minVersion":"50.1.0","maxVersion":"50.*"}],"targetPlatforms":[],"multiprocessCompatible":false,"seen":true}
1482401023872	addons.xpi	DEBUG	getModTime: Recursive scan of e10srollout@mozilla.org
1482401023872	addons.xpi	DEBUG	Updating XPIState for {"id":"firefox@getpocket.com","syncGUID":"{99b08d3e-0e58-6b42-93ea-79fcf3b50cbd}","location":"app-system-defaults","version":"1.0.5","type":"extension","internalName":null,"updateURL":null,"updateKey":null,"optionsURL":null,"optionsType":null,"aboutURL":null,"icons":{},"iconURL":null,"icon64URL":null,"defaultLocale":{"name":"Pocket","description":"When you find something you want to view later, put it in Pocket.","creator":null,"homepageURL":null},"visible":true,"active":true,"userDisabled":false,"appDisabled":false,"descriptor":"/Applications/Firefox.app/Contents/Resources/browser/features/firefox@getpocket.com.xpi","installDate":1481248530000,"updateDate":1481248530000,"applyBackgroundUpdates":1,"bootstrap":true,"skinnable":false,"size":917398,"sourceURI":null,"releaseNotesURI":null,"softDisabled":false,"foreignInstall":false,"hasBinaryComponents":false,"strictCompatibility":false,"locales":[],"targetApplications":[{"id":"{ec8030f7-c20a-464f-9b0e-13a3a9e97384}","minVersion":"50.1.0","maxVersion":"50.*"}],"targetPlatforms":[],"multiprocessCompatible":false,"seen":true}
1482401023872	addons.xpi	DEBUG	getModTime: Recursive scan of firefox@getpocket.com
1482401023873	addons.xpi	DEBUG	Updating XPIState for {"id":"webcompat@mozilla.org","syncGUID":"{5e807558-2769-3143-b02c-86ecf376f26b}","location":"app-system-defaults","version":"1.0","type":"extension","internalName":null,"updateURL":null,"updateKey":null,"optionsURL":null,"optionsType":null,"aboutURL":null,"icons":{},"iconURL":null,"icon64URL":null,"defaultLocale":{"name":"Web Compat","description":"Urgent post-release fixes for web compatibility.","creator":null,"homepageURL":null},"visible":true,"active":true,"userDisabled":false,"appDisabled":false,"descriptor":"/Applications/Firefox.app/Contents/Resources/browser/features/webcompat@mozilla.org.xpi","installDate":1481248530000,"updateDate":1481248530000,"applyBackgroundUpdates":1,"bootstrap":true,"skinnable":false,"size":1502,"sourceURI":null,"releaseNotesURI":null,"softDisabled":false,"foreignInstall":false,"hasBinaryComponents":false,"strictCompatibility":false,"locales":[],"targetApplications":[{"id":"{ec8030f7-c20a-464f-9b0e-13a3a9e97384}","minVersion":"50.1.0","maxVersion":"50.*"}],"targetPlatforms":[],"multiprocessCompatible":false,"seen":true}
1482401023873	addons.xpi	DEBUG	getModTime: Recursive scan of webcompat@mozilla.org
1482401023873	addons.xpi	DEBUG	Updating XPIState for {"id":"{972ce4c6-7e08-4474-a285-3208198ce6fd}","syncGUID":"{7595e5c2-08a1-4642-94de-2f6d01417153}","location":"app-global","version":"50.1.0","type":"theme","internalName":"classic/1.0","updateURL":null,"updateKey":null,"optionsURL":null,"optionsType":null,"aboutURL":null,"icons":{"32":"icon.png","48":"icon.png"},"iconURL":null,"icon64URL":null,"defaultLocale":{"name":"Default","description":"The default theme.","creator":"Mozilla","homepageURL":null,"contributors":["Mozilla Contributors"]},"visible":true,"active":true,"userDisabled":false,"appDisabled":false,"descriptor":"/Applications/Firefox.app/Contents/Resources/browser/extensions/{972ce4c6-7e08-4474-a285-3208198ce6fd}.xpi","installDate":1481248530000,"updateDate":1481248530000,"applyBackgroundUpdates":1,"skinnable":true,"size":6856,"sourceURI":null,"releaseNotesURI":null,"softDisabled":false,"foreignInstall":false,"hasBinaryComponents":false,"strictCompatibility":true,"locales":[],"targetApplications":[{"id":"{ec8030f7-c20a-464f-9b0e-13a3a9e97384}","minVersion":"50.1.0","maxVersion":"50.1.0"}],"targetPlatforms":[],"seen":true}
1482401023873	addons.xpi	DEBUG	getModTime: Recursive scan of {972ce4c6-7e08-4474-a285-3208198ce6fd}
1482401023875	DeferredSave.extensions.json	DEBUG	Save changes
1482401023875	addons.xpi	DEBUG	Updating database with changes to installed add-ons
1482401023875	addons.xpi-utils	DEBUG	Updating add-on states
1482401023876	addons.xpi-utils	DEBUG	Writing add-ons list
1482401023878	addons.xpi	DEBUG	Registering manifest for /Applications/Firefox.app/Contents/Resources/browser/features/aushelper@mozilla.org.xpi
1482401023879	addons.xpi	DEBUG	Calling bootstrap method startup on aushelper@mozilla.org version 1.0
1482401023879	addons.xpi	DEBUG	Registering manifest for /Applications/Firefox.app/Contents/Resources/browser/features/e10srollout@mozilla.org.xpi
1482401023879	addons.xpi	DEBUG	Calling bootstrap method startup on e10srollout@mozilla.org version 1.5
1482401023880	addons.xpi	DEBUG	Registering manifest for /Applications/Firefox.app/Contents/Resources/browser/features/firefox@getpocket.com.xpi
1482401023880	addons.xpi	DEBUG	Calling bootstrap method startup on firefox@getpocket.com version 1.0.5
1482401023882	addons.xpi	DEBUG	Registering manifest for /Applications/Firefox.app/Contents/Resources/browser/features/webcompat@mozilla.org.xpi
1482401023882	addons.xpi	DEBUG	Calling bootstrap method startup on webcompat@mozilla.org version 1.0
1482401023884	addons.manager	DEBUG	Registering shutdown blocker for XPIProvider
1482401023885	addons.manager	DEBUG	Provider finished startup: XPIProvider
1482401023885	addons.manager	DEBUG	Starting provider: LightweightThemeManager
1482401023885	addons.manager	DEBUG	Registering shutdown blocker for LightweightThemeManager
1482401023885	addons.manager	DEBUG	Provider finished startup: LightweightThemeManager
1482401023885	addons.manager	DEBUG	Starting provider: GMPProvider
1482401023895	addons.manager	DEBUG	Registering shutdown blocker for GMPProvider
1482401023895	addons.manager	DEBUG	Provider finished startup: GMPProvider
1482401023896	addons.manager	DEBUG	Starting provider: PluginProvider
1482401023896	addons.manager	DEBUG	Registering shutdown blocker for PluginProvider
1482401023897	addons.manager	DEBUG	Provider finished startup: PluginProvider
1482401023898	addons.manager	DEBUG	Completed startup sequence
1482401024074	Marionette	INFO	Listening on port 49695
1482401024287	addons.manager	DEBUG	Starting provider: <unnamed-provider>
1482401024288	addons.manager	DEBUG	Registering shutdown blocker for <unnamed-provider>
1482401024288	addons.manager	DEBUG	Provider finished startup: <unnamed-provider>
1482401024325	addons.manager	DEBUG	Starting provider: PreviousExperimentProvider
1482401024325	addons.manager	DEBUG	Registering shutdown blocker for PreviousExperimentProvider
1482401024326	addons.manager	DEBUG	Provider finished startup: PreviousExperimentProvider
1482401024333	DeferredSave.extensions.json	DEBUG	Starting write
1482401024461	DeferredSave.extensions.json	DEBUG	Write succeeded
1482401024462	addons.xpi-utils	DEBUG	XPI Database saved, setting schema version preference to 17
1482401042422	addons.xpi	DEBUG	Calling bootstrap method shutdown on aushelper@mozilla.org version 1.0
1482401042422	addons.xpi	DEBUG	Calling bootstrap method shutdown on e10srollout@mozilla.org version 1.5
1482401042422	addons.xpi	DEBUG	Calling bootstrap method shutdown on firefox@getpocket.com version 1.0.5
1482401042423	addons.xpi	DEBUG	Calling bootstrap method shutdown on webcompat@mozilla.org version 1.0
1482401042638	addons.manager	DEBUG	shutdown
1482401042639	addons.manager	DEBUG	Calling shutdown blocker for XPIProvider
1482401042639	addons.xpi	DEBUG	shutdown
1482401042640	addons.xpi-utils	DEBUG	shutdown
1482401042641	addons.manager	DEBUG	Calling shutdown blocker for LightweightThemeManager
1482401042642	addons.manager	DEBUG	Calling shutdown blocker for GMPProvider
1482401042644	addons.manager	DEBUG	Calling shutdown blocker for PluginProvider
1482401042645	addons.manager	DEBUG	Calling shutdown blocker for <unnamed-provider>
1482401042647	addons.manager	DEBUG	Calling shutdown blocker for PreviousExperimentProvider
1482401042650	addons.xpi	DEBUG	Notifying XPI shutdown observers
1482401042655	addons.manager	DEBUG	Async provider shutdown done
1487707760477	geckodriver	INFO	Listening on 127.0.0.1:52142
1487707769781	geckodriver	INFO	Listening on 127.0.0.1:52145
1487707903875	geckodriver	INFO	Listening on 127.0.0.1:52159
1487707997635	geckodriver	INFO	Listening on 127.0.0.1:52225
